# Logfile created on 2015-09-26 10:14:41 -0400 by logger.rb/47272
D, [2015-09-26T10:16:10.478328 #5590] DEBUG -- : handling input...
D, [2015-09-26T10:16:10.478623 #5590] DEBUG -- : msg of type SpicedGracken::CLI::Input created
D, [2015-09-26T10:16:14.506448 #5590] DEBUG -- : handling input...
D, [2015-09-26T10:16:14.506537 #5590] DEBUG -- : msg of type SpicedGracken::CLI::Input created
D, [2015-09-26T10:23:01.189053 #5848] DEBUG -- : handling input...
D, [2015-09-26T10:23:01.189184 #5848] DEBUG -- : msg of type SpicedGracken::CLI::Input created
D, [2015-09-26T10:23:01.189223 #5848] DEBUG -- : warning: you have no servers
D, [2015-09-26T10:23:10.001126 #5848] DEBUG -- : handling input...
D, [2015-09-26T10:23:10.001226 #5848] DEBUG -- : msg of type SpicedGracken::CLI::Input created
D, [2015-09-26T10:23:10.001263 #5848] DEBUG -- : warning: you have no servers
D, [2015-09-26T10:28:38.448491 #5944] DEBUG -- : handling input...
D, [2015-09-26T10:28:38.448635 #5944] DEBUG -- : msg of type SpicedGracken::CLI::Input created
D, [2015-09-26T10:28:38.448683 #5944] DEBUG -- : warning: you have no servers
D, [2015-09-26T10:28:40.626948 #5944] DEBUG -- : handling input...
D, [2015-09-26T10:28:40.627070 #5944] DEBUG -- : msg of type SpicedGracken::CLI::Input created
D, [2015-09-26T10:28:40.627153 #5944] DEBUG -- : warning: you have no servers
D, [2015-09-26T10:28:45.189977 #5944] DEBUG -- : handling input...
D, [2015-09-26T10:28:45.190210 #5944] DEBUG -- : msg of type SpicedGracken::CLI::Input created
D, [2015-09-26T10:28:45.190324 #5944] DEBUG -- : warning: you have no servers
D, [2015-09-26T10:28:47.673818 #5944] DEBUG -- : handling input...
D, [2015-09-26T10:28:47.673940 #5944] DEBUG -- : msg of type SpicedGracken::CLI::Input created
D, [2015-09-26T10:28:47.674018 #5944] DEBUG -- : warning: you have no servers
D, [2015-09-26T10:29:21.142151 #5969] DEBUG -- : handling input...
D, [2015-09-26T10:29:21.142375 #5969] DEBUG -- : msg of type SpicedGracken::CLI::Input created
D, [2015-09-26T10:29:21.142458 #5969] DEBUG -- : warning: you have no servers
D, [2015-09-26T10:29:22.278979 #5969] DEBUG -- : handling input...
D, [2015-09-26T10:29:22.279101 #5969] DEBUG -- : msg of type SpicedGracken::CLI::Input created
D, [2015-09-26T10:29:22.279146 #5969] DEBUG -- : warning: you have no servers
D, [2015-09-26T10:29:22.852059 #5969] DEBUG -- : handling input...
D, [2015-09-26T10:29:22.852220 #5969] DEBUG -- : msg of type SpicedGracken::CLI::Input created
D, [2015-09-26T10:29:22.852300 #5969] DEBUG -- : warning: you have no servers
D, [2015-09-26T10:29:23.176978 #5969] DEBUG -- : handling input...
D, [2015-09-26T10:29:23.177122 #5969] DEBUG -- : msg of type SpicedGracken::CLI::Input created
D, [2015-09-26T10:29:23.177190 #5969] DEBUG -- : warning: you have no servers
D, [2015-09-26T10:29:23.620650 #5969] DEBUG -- : handling input...
D, [2015-09-26T10:29:23.620735 #5969] DEBUG -- : msg of type SpicedGracken::CLI::Input created
D, [2015-09-26T10:29:23.620789 #5969] DEBUG -- : warning: you have no servers
D, [2015-09-26T10:29:23.867329 #5969] DEBUG -- : handling input...
D, [2015-09-26T10:29:23.867423 #5969] DEBUG -- : msg of type SpicedGracken::CLI::Input created
D, [2015-09-26T10:29:23.867461 #5969] DEBUG -- : warning: you have no servers
D, [2015-09-26T10:29:24.107957 #5969] DEBUG -- : handling input...
D, [2015-09-26T10:29:24.108049 #5969] DEBUG -- : msg of type SpicedGracken::CLI::Input created
D, [2015-09-26T10:29:24.108107 #5969] DEBUG -- : warning: you have no servers
D, [2015-09-26T10:29:24.348039 #5969] DEBUG -- : handling input...
D, [2015-09-26T10:29:24.348123 #5969] DEBUG -- : msg of type SpicedGracken::CLI::Input created
D, [2015-09-26T10:29:24.348150 #5969] DEBUG -- : warning: you have no servers
D, [2015-09-26T10:29:24.546607 #5969] DEBUG -- : handling input...
D, [2015-09-26T10:29:24.546701 #5969] DEBUG -- : msg of type SpicedGracken::CLI::Input created
D, [2015-09-26T10:29:24.546730 #5969] DEBUG -- : warning: you have no servers
D, [2015-09-26T10:29:24.718253 #5969] DEBUG -- : handling input...
D, [2015-09-26T10:29:24.718354 #5969] DEBUG -- : msg of type SpicedGracken::CLI::Input created
D, [2015-09-26T10:29:24.718406 #5969] DEBUG -- : warning: you have no servers
D, [2015-09-26T10:29:24.910919 #5969] DEBUG -- : handling input...
D, [2015-09-26T10:29:24.911014 #5969] DEBUG -- : msg of type SpicedGracken::CLI::Input created
D, [2015-09-26T10:29:24.911050 #5969] DEBUG -- : warning: you have no servers
D, [2015-09-26T10:29:25.098491 #5969] DEBUG -- : handling input...
D, [2015-09-26T10:29:25.098576 #5969] DEBUG -- : msg of type SpicedGracken::CLI::Input created
D, [2015-09-26T10:29:25.098606 #5969] DEBUG -- : warning: you have no servers
D, [2015-09-26T10:29:25.264556 #5969] DEBUG -- : handling input...
D, [2015-09-26T10:29:25.264639 #5969] DEBUG -- : msg of type SpicedGracken::CLI::Input created
D, [2015-09-26T10:29:25.264664 #5969] DEBUG -- : warning: you have no servers
D, [2015-09-26T10:29:25.430703 #5969] DEBUG -- : handling input...
D, [2015-09-26T10:29:25.430784 #5969] DEBUG -- : msg of type SpicedGracken::CLI::Input created
D, [2015-09-26T10:29:25.430813 #5969] DEBUG -- : warning: you have no servers
D, [2015-09-26T10:29:25.623313 #5969] DEBUG -- : handling input...
D, [2015-09-26T10:29:25.623397 #5969] DEBUG -- : msg of type SpicedGracken::CLI::Input created
D, [2015-09-26T10:29:25.623457 #5969] DEBUG -- : warning: you have no servers
D, [2015-09-26T10:29:25.811484 #5969] DEBUG -- : handling input...
D, [2015-09-26T10:29:25.811619 #5969] DEBUG -- : msg of type SpicedGracken::CLI::Input created
D, [2015-09-26T10:29:25.811684 #5969] DEBUG -- : warning: you have no servers
D, [2015-09-26T10:29:26.014579 #5969] DEBUG -- : handling input...
D, [2015-09-26T10:29:26.014669 #5969] DEBUG -- : msg of type SpicedGracken::CLI::Input created
D, [2015-09-26T10:29:26.014712 #5969] DEBUG -- : warning: you have no servers
D, [2015-09-26T10:29:26.186115 #5969] DEBUG -- : handling input...
D, [2015-09-26T10:29:26.186201 #5969] DEBUG -- : msg of type SpicedGracken::CLI::Input created
D, [2015-09-26T10:29:26.186240 #5969] DEBUG -- : warning: you have no servers
D, [2015-09-26T10:29:26.363519 #5969] DEBUG -- : handling input...
D, [2015-09-26T10:29:26.363637 #5969] DEBUG -- : msg of type SpicedGracken::CLI::Input created
D, [2015-09-26T10:29:26.363679 #5969] DEBUG -- : warning: you have no servers
D, [2015-09-26T10:29:26.560956 #5969] DEBUG -- : handling input...
D, [2015-09-26T10:29:26.561064 #5969] DEBUG -- : msg of type SpicedGracken::CLI::Input created
D, [2015-09-26T10:29:26.561105 #5969] DEBUG -- : warning: you have no servers
D, [2015-09-26T10:29:26.759857 #5969] DEBUG -- : handling input...
D, [2015-09-26T10:29:26.759972 #5969] DEBUG -- : msg of type SpicedGracken::CLI::Input created
D, [2015-09-26T10:29:26.760024 #5969] DEBUG -- : warning: you have no servers
D, [2015-09-26T10:29:26.973409 #5969] DEBUG -- : handling input...
D, [2015-09-26T10:29:26.973497 #5969] DEBUG -- : msg of type SpicedGracken::CLI::Input created
D, [2015-09-26T10:29:26.973542 #5969] DEBUG -- : warning: you have no servers
D, [2015-09-26T10:29:27.208354 #5969] DEBUG -- : handling input...
D, [2015-09-26T10:29:27.208448 #5969] DEBUG -- : msg of type SpicedGracken::CLI::Input created
D, [2015-09-26T10:29:27.208498 #5969] DEBUG -- : warning: you have no servers
D, [2015-09-26T10:29:27.422667 #5969] DEBUG -- : handling input...
D, [2015-09-26T10:29:27.422761 #5969] DEBUG -- : msg of type SpicedGracken::CLI::Input created
D, [2015-09-26T10:29:27.422795 #5969] DEBUG -- : warning: you have no servers
D, [2015-09-26T10:29:27.620662 #5969] DEBUG -- : handling input...
D, [2015-09-26T10:29:27.620746 #5969] DEBUG -- : msg of type SpicedGracken::CLI::Input created
D, [2015-09-26T10:29:27.620777 #5969] DEBUG -- : warning: you have no servers
D, [2015-09-26T10:29:27.824442 #5969] DEBUG -- : handling input...
D, [2015-09-26T10:29:27.824543 #5969] DEBUG -- : msg of type SpicedGracken::CLI::Input created
D, [2015-09-26T10:29:27.824581 #5969] DEBUG -- : warning: you have no servers
D, [2015-09-26T10:29:28.011784 #5969] DEBUG -- : handling input...
D, [2015-09-26T10:29:28.011878 #5969] DEBUG -- : msg of type SpicedGracken::CLI::Input created
D, [2015-09-26T10:29:28.015878 #5969] DEBUG -- : warning: you have no servers
D, [2015-09-26T10:29:28.212458 #5969] DEBUG -- : handling input...
D, [2015-09-26T10:29:28.212614 #5969] DEBUG -- : msg of type SpicedGracken::CLI::Input created
D, [2015-09-26T10:29:28.212690 #5969] DEBUG -- : warning: you have no servers
D, [2015-09-26T10:29:28.381676 #5969] DEBUG -- : handling input...
D, [2015-09-26T10:29:28.381766 #5969] DEBUG -- : msg of type SpicedGracken::CLI::Input created
D, [2015-09-26T10:29:28.381795 #5969] DEBUG -- : warning: you have no servers
D, [2015-09-26T10:29:28.569080 #5969] DEBUG -- : handling input...
D, [2015-09-26T10:29:28.569162 #5969] DEBUG -- : msg of type SpicedGracken::CLI::Input created
D, [2015-09-26T10:29:28.569187 #5969] DEBUG -- : warning: you have no servers
D, [2015-09-26T10:29:28.729851 #5969] DEBUG -- : handling input...
D, [2015-09-26T10:29:28.729945 #5969] DEBUG -- : msg of type SpicedGracken::CLI::Input created
D, [2015-09-26T10:29:28.730010 #5969] DEBUG -- : warning: you have no servers
D, [2015-09-26T10:29:28.884880 #5969] DEBUG -- : handling input...
D, [2015-09-26T10:29:28.884971 #5969] DEBUG -- : msg of type SpicedGracken::CLI::Input created
D, [2015-09-26T10:29:28.885057 #5969] DEBUG -- : warning: you have no servers
D, [2015-09-26T10:29:29.051403 #5969] DEBUG -- : handling input...
D, [2015-09-26T10:29:29.051501 #5969] DEBUG -- : msg of type SpicedGracken::CLI::Input created
D, [2015-09-26T10:29:29.051530 #5969] DEBUG -- : warning: you have no servers
D, [2015-09-26T10:29:29.212411 #5969] DEBUG -- : handling input...
D, [2015-09-26T10:29:29.212526 #5969] DEBUG -- : msg of type SpicedGracken::CLI::Input created
D, [2015-09-26T10:29:29.212586 #5969] DEBUG -- : warning: you have no servers
D, [2015-09-26T10:29:29.372853 #5969] DEBUG -- : handling input...
D, [2015-09-26T10:29:29.372942 #5969] DEBUG -- : msg of type SpicedGracken::CLI::Input created
D, [2015-09-26T10:29:29.372971 #5969] DEBUG -- : warning: you have no servers
D, [2015-09-26T10:29:29.549385 #5969] DEBUG -- : handling input...
D, [2015-09-26T10:29:29.549468 #5969] DEBUG -- : msg of type SpicedGracken::CLI::Input created
D, [2015-09-26T10:29:29.549493 #5969] DEBUG -- : warning: you have no servers
D, [2015-09-26T10:29:29.731739 #5969] DEBUG -- : handling input...
D, [2015-09-26T10:29:29.731827 #5969] DEBUG -- : msg of type SpicedGracken::CLI::Input created
D, [2015-09-26T10:29:29.731852 #5969] DEBUG -- : warning: you have no servers
D, [2015-09-26T10:29:29.887164 #5969] DEBUG -- : handling input...
D, [2015-09-26T10:29:29.887245 #5969] DEBUG -- : msg of type SpicedGracken::CLI::Input created
D, [2015-09-26T10:29:29.887269 #5969] DEBUG -- : warning: you have no servers
D, [2015-09-26T10:29:30.027351 #5969] DEBUG -- : handling input...
D, [2015-09-26T10:29:30.027482 #5969] DEBUG -- : msg of type SpicedGracken::CLI::Input created
D, [2015-09-26T10:29:30.027524 #5969] DEBUG -- : warning: you have no servers
D, [2015-09-26T10:29:30.177275 #5969] DEBUG -- : handling input...
D, [2015-09-26T10:29:30.177366 #5969] DEBUG -- : msg of type SpicedGracken::CLI::Input created
D, [2015-09-26T10:29:30.177408 #5969] DEBUG -- : warning: you have no servers
D, [2015-09-26T10:29:30.347758 #5969] DEBUG -- : handling input...
D, [2015-09-26T10:29:30.347892 #5969] DEBUG -- : msg of type SpicedGracken::CLI::Input created
D, [2015-09-26T10:29:30.347953 #5969] DEBUG -- : warning: you have no servers
D, [2015-09-26T10:29:30.517996 #5969] DEBUG -- : handling input...
D, [2015-09-26T10:29:30.518097 #5969] DEBUG -- : msg of type SpicedGracken::CLI::Input created
D, [2015-09-26T10:29:30.518136 #5969] DEBUG -- : warning: you have no servers
D, [2015-09-26T10:29:30.689817 #5969] DEBUG -- : handling input...
D, [2015-09-26T10:29:30.689902 #5969] DEBUG -- : msg of type SpicedGracken::CLI::Input created
D, [2015-09-26T10:29:30.689942 #5969] DEBUG -- : warning: you have no servers
D, [2015-09-26T10:29:30.855730 #5969] DEBUG -- : handling input...
D, [2015-09-26T10:29:30.855824 #5969] DEBUG -- : msg of type SpicedGracken::CLI::Input created
D, [2015-09-26T10:29:30.855900 #5969] DEBUG -- : warning: you have no servers
D, [2015-09-26T10:29:31.027377 #5969] DEBUG -- : handling input...
D, [2015-09-26T10:29:31.027462 #5969] DEBUG -- : msg of type SpicedGracken::CLI::Input created
D, [2015-09-26T10:29:31.027501 #5969] DEBUG -- : warning: you have no servers
D, [2015-09-26T10:29:31.198690 #5969] DEBUG -- : handling input...
D, [2015-09-26T10:29:31.198780 #5969] DEBUG -- : msg of type SpicedGracken::CLI::Input created
D, [2015-09-26T10:29:31.198819 #5969] DEBUG -- : warning: you have no servers
D, [2015-09-26T10:29:31.375311 #5969] DEBUG -- : handling input...
D, [2015-09-26T10:29:31.375405 #5969] DEBUG -- : msg of type SpicedGracken::CLI::Input created
D, [2015-09-26T10:29:31.375443 #5969] DEBUG -- : warning: you have no servers
D, [2015-09-26T10:29:31.558317 #5969] DEBUG -- : handling input...
D, [2015-09-26T10:29:31.558404 #5969] DEBUG -- : msg of type SpicedGracken::CLI::Input created
D, [2015-09-26T10:29:31.558457 #5969] DEBUG -- : warning: you have no servers
D, [2015-09-26T10:29:31.729127 #5969] DEBUG -- : handling input...
D, [2015-09-26T10:29:31.729223 #5969] DEBUG -- : msg of type SpicedGracken::CLI::Input created
D, [2015-09-26T10:29:31.729264 #5969] DEBUG -- : warning: you have no servers
D, [2015-09-26T10:29:31.900699 #5969] DEBUG -- : handling input...
D, [2015-09-26T10:29:31.900786 #5969] DEBUG -- : msg of type SpicedGracken::CLI::Input created
D, [2015-09-26T10:29:31.900823 #5969] DEBUG -- : warning: you have no servers
D, [2015-09-26T10:29:32.061281 #5969] DEBUG -- : handling input...
D, [2015-09-26T10:29:32.061365 #5969] DEBUG -- : msg of type SpicedGracken::CLI::Input created
D, [2015-09-26T10:29:32.061424 #5969] DEBUG -- : warning: you have no servers
D, [2015-09-26T10:29:32.222103 #5969] DEBUG -- : handling input...
D, [2015-09-26T10:29:32.222198 #5969] DEBUG -- : msg of type SpicedGracken::CLI::Input created
D, [2015-09-26T10:29:32.222236 #5969] DEBUG -- : warning: you have no servers
D, [2015-09-26T10:29:32.382860 #5969] DEBUG -- : handling input...
D, [2015-09-26T10:29:32.382955 #5969] DEBUG -- : msg of type SpicedGracken::CLI::Input created
D, [2015-09-26T10:29:32.382991 #5969] DEBUG -- : warning: you have no servers
D, [2015-09-26T10:29:32.544128 #5969] DEBUG -- : handling input...
D, [2015-09-26T10:29:32.544251 #5969] DEBUG -- : msg of type SpicedGracken::CLI::Input created
D, [2015-09-26T10:29:32.544304 #5969] DEBUG -- : warning: you have no servers
D, [2015-09-26T10:29:32.725642 #5969] DEBUG -- : handling input...
D, [2015-09-26T10:29:32.725724 #5969] DEBUG -- : msg of type SpicedGracken::CLI::Input created
D, [2015-09-26T10:29:32.725765 #5969] DEBUG -- : warning: you have no servers
D, [2015-09-26T10:29:32.859562 #5969] DEBUG -- : handling input...
D, [2015-09-26T10:29:32.859669 #5969] DEBUG -- : msg of type SpicedGracken::CLI::Input created
D, [2015-09-26T10:29:32.859704 #5969] DEBUG -- : warning: you have no servers
D, [2015-09-26T10:29:33.084645 #5969] DEBUG -- : handling input...
D, [2015-09-26T10:29:33.084734 #5969] DEBUG -- : msg of type SpicedGracken::CLI::Input created
D, [2015-09-26T10:29:33.088786 #5969] DEBUG -- : warning: you have no servers
D, [2015-09-26T10:29:33.239751 #5969] DEBUG -- : handling input...
D, [2015-09-26T10:29:33.239839 #5969] DEBUG -- : msg of type SpicedGracken::CLI::Input created
D, [2015-09-26T10:29:33.239868 #5969] DEBUG -- : warning: you have no servers
D, [2015-09-26T10:29:33.400081 #5969] DEBUG -- : handling input...
D, [2015-09-26T10:29:33.400175 #5969] DEBUG -- : msg of type SpicedGracken::CLI::Input created
D, [2015-09-26T10:29:33.400214 #5969] DEBUG -- : warning: you have no servers
D, [2015-09-26T10:29:33.550050 #5969] DEBUG -- : handling input...
D, [2015-09-26T10:29:33.550140 #5969] DEBUG -- : msg of type SpicedGracken::CLI::Input created
D, [2015-09-26T10:29:33.550172 #5969] DEBUG -- : warning: you have no servers
D, [2015-09-26T10:29:33.683919 #5969] DEBUG -- : handling input...
D, [2015-09-26T10:29:33.684006 #5969] DEBUG -- : msg of type SpicedGracken::CLI::Input created
D, [2015-09-26T10:29:33.684044 #5969] DEBUG -- : warning: you have no servers
D, [2015-09-26T10:29:33.839024 #5969] DEBUG -- : handling input...
D, [2015-09-26T10:29:33.839108 #5969] DEBUG -- : msg of type SpicedGracken::CLI::Input created
D, [2015-09-26T10:29:33.839137 #5969] DEBUG -- : warning: you have no servers
D, [2015-09-26T10:29:33.994437 #5969] DEBUG -- : handling input...
D, [2015-09-26T10:29:33.994526 #5969] DEBUG -- : msg of type SpicedGracken::CLI::Input created
D, [2015-09-26T10:29:33.994554 #5969] DEBUG -- : warning: you have no servers
D, [2015-09-26T10:29:34.149854 #5969] DEBUG -- : handling input...
D, [2015-09-26T10:29:34.149936 #5969] DEBUG -- : msg of type SpicedGracken::CLI::Input created
D, [2015-09-26T10:29:34.149984 #5969] DEBUG -- : warning: you have no servers
D, [2015-09-26T10:29:34.311068 #5969] DEBUG -- : handling input...
D, [2015-09-26T10:29:34.311156 #5969] DEBUG -- : msg of type SpicedGracken::CLI::Input created
D, [2015-09-26T10:29:34.311188 #5969] DEBUG -- : warning: you have no servers
D, [2015-09-26T10:29:34.467209 #5969] DEBUG -- : handling input...
D, [2015-09-26T10:29:34.467322 #5969] DEBUG -- : msg of type SpicedGracken::CLI::Input created
D, [2015-09-26T10:29:34.467407 #5969] DEBUG -- : warning: you have no servers
D, [2015-09-26T10:29:34.642227 #5969] DEBUG -- : handling input...
D, [2015-09-26T10:29:34.642312 #5969] DEBUG -- : msg of type SpicedGracken::CLI::Input created
D, [2015-09-26T10:29:34.642346 #5969] DEBUG -- : warning: you have no servers
D, [2015-09-26T10:29:34.831522 #5969] DEBUG -- : handling input...
D, [2015-09-26T10:29:34.831610 #5969] DEBUG -- : msg of type SpicedGracken::CLI::Input created
D, [2015-09-26T10:29:34.831641 #5969] DEBUG -- : warning: you have no servers
D, [2015-09-26T10:29:36.134999 #5969] DEBUG -- : handling input...
D, [2015-09-26T10:29:36.135160 #5969] DEBUG -- : msg of type SpicedGracken::CLI::Input created
D, [2015-09-26T10:29:36.135239 #5969] DEBUG -- : warning: you have no servers
D, [2015-09-26T10:29:36.347057 #5969] DEBUG -- : handling input...
D, [2015-09-26T10:29:36.347157 #5969] DEBUG -- : msg of type SpicedGracken::CLI::Input created
D, [2015-09-26T10:29:36.347197 #5969] DEBUG -- : warning: you have no servers
D, [2015-09-26T10:29:36.523529 #5969] DEBUG -- : handling input...
D, [2015-09-26T10:29:36.523619 #5969] DEBUG -- : msg of type SpicedGracken::CLI::Input created
D, [2015-09-26T10:29:36.523655 #5969] DEBUG -- : warning: you have no servers
D, [2015-09-26T10:29:36.727922 #5969] DEBUG -- : handling input...
D, [2015-09-26T10:29:36.728048 #5969] DEBUG -- : msg of type SpicedGracken::CLI::Input created
D, [2015-09-26T10:29:36.728105 #5969] DEBUG -- : warning: you have no servers
D, [2015-09-26T10:29:36.960111 #5969] DEBUG -- : handling input...
D, [2015-09-26T10:29:36.960217 #5969] DEBUG -- : msg of type SpicedGracken::CLI::Input created
D, [2015-09-26T10:29:36.960263 #5969] DEBUG -- : warning: you have no servers
D, [2015-09-26T10:29:38.047649 #5969] DEBUG -- : handling input...
D, [2015-09-26T10:29:38.047787 #5969] DEBUG -- : msg of type SpicedGracken::CLI::Input created
D, [2015-09-26T10:29:38.047834 #5969] DEBUG -- : warning: you have no servers
D, [2015-09-26T10:29:42.307461 #5969] DEBUG -- : handling input...
D, [2015-09-26T10:29:42.307583 #5969] DEBUG -- : msg of type SpicedGracken::CLI::Command created
D, [2015-09-26T10:29:42.307646 #5969] DEBUG -- : alert: not implemented...
D, [2015-09-26T10:29:45.234499 #5969] DEBUG -- : handling input...
D, [2015-09-26T10:29:45.234625 #5969] DEBUG -- : msg of type SpicedGracken::CLI::Command created
D, [2015-09-26T10:29:45.234790 #5969] DEBUG -- : info: no active nodes
D, [2015-09-26T10:35:26.907341 #6126] DEBUG -- : handling input...
D, [2015-09-26T10:35:26.907594 #6126] DEBUG -- : msg of type SpicedGracken::CLI::Input created
D, [2015-09-26T10:35:26.907697 #6126] DEBUG -- : warning: you have no servers
D, [2015-09-26T10:35:28.698028 #6126] DEBUG -- : handling input...
D, [2015-09-26T10:35:28.698266 #6126] DEBUG -- : msg of type SpicedGracken::CLI::Input created
D, [2015-09-26T10:35:28.698402 #6126] DEBUG -- : warning: you have no servers
D, [2015-09-26T10:36:06.524424 #6156] DEBUG -- : handling input...
D, [2015-09-26T10:36:06.524549 #6156] DEBUG -- : msg of type SpicedGracken::CLI::Input created
D, [2015-09-26T10:36:06.524598 #6156] DEBUG -- : warning: you have no servers
D, [2015-09-26T10:36:08.536871 #6156] DEBUG -- : handling input...
D, [2015-09-26T10:36:08.537160 #6156] DEBUG -- : msg of type SpicedGracken::CLI::Input created
D, [2015-09-26T10:36:08.537301 #6156] DEBUG -- : warning: you have no servers
D, [2015-09-26T10:36:21.894056 #6313] DEBUG -- : waiting for input...
D, [2015-09-26T10:36:25.084405 #6313] DEBUG -- : handling input...
D, [2015-09-26T10:36:25.084511 #6313] DEBUG -- : msg of type SpicedGracken::CLI::Input created
D, [2015-09-26T10:36:25.084674 #6313] DEBUG -- : waiting for input...
D, [2015-09-26T10:36:26.771182 #6313] DEBUG -- : handling input...
D, [2015-09-26T10:36:26.771295 #6313] DEBUG -- : msg of type SpicedGracken::CLI::Command created
D, [2015-09-26T10:36:26.771421 #6313] DEBUG -- : waiting for input...
D, [2015-09-26T10:36:34.462624 #6156] DEBUG -- : handling input...
D, [2015-09-26T10:36:34.462872 #6156] DEBUG -- : msg of type SpicedGracken::CLI::Command created
D, [2015-09-26T10:36:34.463188 #6156] DEBUG -- : info: no active nodes
D, [2015-09-26T10:36:47.254742 #6156] DEBUG -- : handling input...
D, [2015-09-26T10:36:47.254921 #6156] DEBUG -- : msg of type SpicedGracken::CLI::Command created
D, [2015-09-26T10:36:47.255023 #6156] DEBUG -- : alert: not implemented...
D, [2015-09-26T10:37:22.400171 #6156] DEBUG -- : handling input...
D, [2015-09-26T10:37:22.400270 #6156] DEBUG -- : msg of type SpicedGracken::CLI::Command created
D, [2015-09-26T10:37:31.303777 #6156] DEBUG -- : handling input...
D, [2015-09-26T10:37:31.303977 #6156] DEBUG -- : msg of type SpicedGracken::CLI::Input created
D, [2015-09-26T10:37:31.304052 #6156] DEBUG -- : warning: you have no servers
D, [2015-09-26T10:37:38.179306 #6156] DEBUG -- : handling input...
D, [2015-09-26T10:37:38.179405 #6156] DEBUG -- : msg of type SpicedGracken::CLI::Command created
D, [2015-09-26T10:37:39.398677 #6156] DEBUG -- : handling input...
D, [2015-09-26T10:37:39.398894 #6156] DEBUG -- : msg of type SpicedGracken::CLI::Input created
D, [2015-09-26T10:37:39.399007 #6156] DEBUG -- : warning: you have no servers
D, [2015-09-26T10:37:43.517763 #6156] DEBUG -- : handling input...
D, [2015-09-26T10:37:43.517863 #6156] DEBUG -- : msg of type SpicedGracken::CLI::Command created
D, [2015-09-26T10:37:44.828498 #6156] DEBUG -- : handling input...
D, [2015-09-26T10:37:44.828764 #6156] DEBUG -- : msg of type SpicedGracken::CLI::Input created
D, [2015-09-26T10:37:44.828877 #6156] DEBUG -- : warning: you have no servers
D, [2015-09-26T10:37:50.750686 #6156] DEBUG -- : handling input...
D, [2015-09-26T10:37:50.750842 #6156] DEBUG -- : msg of type SpicedGracken::CLI::Command created
D, [2015-09-26T10:38:34.215753 #6346] DEBUG -- : handling input...
D, [2015-09-26T10:38:34.216049 #6346] DEBUG -- : msg of type SpicedGracken::CLI::Input created
D, [2015-09-26T10:38:34.216204 #6346] DEBUG -- : warning: you have no servers
D, [2015-09-26T10:38:37.867439 #6346] DEBUG -- : handling input...
D, [2015-09-26T10:38:37.867691 #6346] DEBUG -- : msg of type SpicedGracken::CLI::Input created
D, [2015-09-26T10:38:37.867810 #6346] DEBUG -- : warning: you have no servers
D, [2015-09-26T10:38:41.205027 #6346] DEBUG -- : handling input...
D, [2015-09-26T10:38:41.205239 #6346] DEBUG -- : msg of type SpicedGracken::CLI::Command created
D, [2015-09-26T10:38:41.205530 #6346] DEBUG -- : info: 
E, [2015-09-26T10:38:41.205781 #6346] ERROR -- : undefined method `+' for nil:NilClass
E, [2015-09-26T10:38:41.205903 #6346] ERROR -- : NoMethodError
D, [2015-09-26T10:39:38.671457 #6373] DEBUG -- : handling input...
D, [2015-09-26T10:39:38.671576 #6373] DEBUG -- : msg of type SpicedGracken::CLI::Command created
D, [2015-09-26T10:39:38.671641 #6373] DEBUG -- : alert: not implemented...
D, [2015-09-26T10:39:44.368381 #6373] DEBUG -- : handling input...
D, [2015-09-26T10:39:44.368581 #6373] DEBUG -- : msg of type SpicedGracken::CLI::Command created
D, [2015-09-26T10:39:44.368804 #6373] DEBUG -- : info: {"alias"=>"alias", "port"=>"2008", "ip"=>"localhost"}
D, [2015-09-26T10:39:56.588036 #6373] DEBUG -- : handling input...
D, [2015-09-26T10:39:56.588244 #6373] DEBUG -- : msg of type SpicedGracken::CLI::Command created
D, [2015-09-26T10:39:56.588803 #6373] DEBUG -- : info: autolisten set to true
D, [2015-09-26T10:40:22.282623 #6373] DEBUG -- : handling input...
D, [2015-09-26T10:40:22.282809 #6373] DEBUG -- : msg of type SpicedGracken::CLI::Command created
D, [2015-09-26T10:56:25.976247 #7031] DEBUG -- : addline: [0;32;49mlistening on 2008...[0m
D, [2015-09-26T11:01:40.519729 #7163] DEBUG -- : success: listening on 2008...
D, [2015-09-26T11:01:45.711249 #7163] DEBUG -- : handling input...
D, [2015-09-26T11:01:45.711545 #7163] DEBUG -- : msg of type SpicedGracken::CLI::Input created
D, [2015-09-26T11:01:45.711684 #7163] DEBUG -- : warning: you have no servers
D, [2015-09-26T11:01:52.885967 #7163] DEBUG -- : handling input...
D, [2015-09-26T11:01:52.886134 #7163] DEBUG -- : msg of type SpicedGracken::CLI::Command created
D, [2015-09-26T11:01:55.624547 #7163] DEBUG -- : handling input...
D, [2015-09-26T11:01:55.624658 #7163] DEBUG -- : msg of type SpicedGracken::CLI::Command created
D, [2015-09-26T11:01:55.624773 #7163] DEBUG -- : info: @localhost:2009
D, [2015-09-26T11:01:59.205846 #7163] DEBUG -- : handling input...
D, [2015-09-26T11:01:59.205967 #7163] DEBUG -- : msg of type SpicedGracken::CLI::Input created
D, [2015-09-26T11:01:59.206391 #7163] DEBUG -- : addline: [0;95;49m26/09/15 11:11:01[0m [0;36;49malias[0m > hi
D, [2015-09-26T11:21:58.677327 #7699] DEBUG -- : success: listening on 2008...
D, [2015-09-26T11:22:06.927327 #7699] DEBUG -- : handling input...
D, [2015-09-26T11:22:06.927587 #7699] DEBUG -- : msg of type SpicedGracken::CLI::Command created
D, [2015-09-26T11:22:06.927975 #7699] DEBUG -- : info: no active nodes
D, [2015-09-26T11:22:16.179162 #6313] DEBUG -- : handling input...
D, [2015-09-26T11:22:16.179256 #6313] DEBUG -- : msg of type SpicedGracken::CLI::Command created
D, [2015-09-26T11:22:18.809703 #7717] DEBUG -- : waiting for input...
D, [2015-09-26T11:22:22.284721 #7717] DEBUG -- : handling input...
D, [2015-09-26T11:22:22.284825 #7717] DEBUG -- : msg of type SpicedGracken::CLI::Command created
D, [2015-09-26T11:22:22.284921 #7717] DEBUG -- : waiting for input...
D, [2015-09-26T11:22:26.328270 #7717] DEBUG -- : handling input...
D, [2015-09-26T11:22:26.328507 #7717] DEBUG -- : msg of type SpicedGracken::CLI::Input created
D, [2015-09-26T11:22:26.328847 #7717] DEBUG -- : waiting for input...
D, [2015-09-26T11:22:31.531816 #7717] DEBUG -- : handling input...
D, [2015-09-26T11:22:31.531906 #7717] DEBUG -- : msg of type SpicedGracken::CLI::Command created
D, [2015-09-26T11:22:31.531980 #7717] DEBUG -- : waiting for input...
D, [2015-09-26T11:22:33.415542 #7717] DEBUG -- : handling input...
D, [2015-09-26T11:22:33.415666 #7717] DEBUG -- : msg of type SpicedGracken::CLI::Input created
D, [2015-09-26T11:22:33.415857 #7717] DEBUG -- : waiting for input...
D, [2015-09-26T11:23:26.567015 #7717] DEBUG -- : handling input...
D, [2015-09-26T11:23:26.567207 #7717] DEBUG -- : msg of type SpicedGracken::CLI::Input created
D, [2015-09-26T11:23:26.567594 #7717] DEBUG -- : waiting for input...
D, [2015-09-26T11:23:31.640688 #7750] DEBUG -- : handling input...
D, [2015-09-26T11:23:31.641055 #7750] DEBUG -- : msg of type SpicedGracken::CLI::Command created
D, [2015-09-26T11:23:31.641181 #7750] DEBUG -- : alert: not implemented...
D, [2015-09-26T11:23:33.838786 #7750] DEBUG -- : handling input...
D, [2015-09-26T11:23:33.838962 #7750] DEBUG -- : msg of type SpicedGracken::CLI::Command created
D, [2015-09-26T11:23:33.841178 #7750] DEBUG -- : success: listening on 2009...
D, [2015-09-26T11:24:43.095133 #7792] DEBUG -- : handling input...
D, [2015-09-26T11:24:43.095423 #7792] DEBUG -- : msg of type SpicedGracken::CLI::Command created
D, [2015-09-26T11:24:43.095883 #7792] DEBUG -- : success: listening on 2009...
D, [2015-09-26T11:24:43.096683 #7792] DEBUG -- : alert: Address already in use - bind(2) for nil port 2009
F, [2015-09-26T11:24:43.096809 #7792] FATAL -- : Address already in use - bind(2) for nil port 2009
F, [2015-09-26T11:24:43.096939 #7792] FATAL -- : ["/home/lprestonsegoiii/.rvm/gems/ruby-2.2.1/gems/spiced_gracken-0.1.2/lib/spiced_gracken/http/server.rb:9:in `initialize'", "/home/lprestonsegoiii/.rvm/gems/ruby-2.2.1/gems/spiced_gracken-0.1.2/lib/spiced_gracken/http/server.rb:9:in `new'", "/home/lprestonsegoiii/.rvm/gems/ruby-2.2.1/gems/spiced_gracken-0.1.2/lib/spiced_gracken/http/server.rb:9:in `initialize'", "/home/lprestonsegoiii/.rvm/gems/ruby-2.2.1/gems/spiced_gracken-0.1.2/lib/spiced_gracken/cli.rb:66:in `new'", "/home/lprestonsegoiii/.rvm/gems/ruby-2.2.1/gems/spiced_gracken-0.1.2/lib/spiced_gracken/cli.rb:66:in `block in start_server'"]
D, [2015-09-26T11:25:08.251169 #7840] DEBUG -- : waiting for input...
D, [2015-09-26T11:25:16.111691 #7840] DEBUG -- : handling input...
D, [2015-09-26T11:25:16.111803 #7840] DEBUG -- : msg of type SpicedGracken::CLI::Command created
D, [2015-09-26T11:25:16.112119 #7840] DEBUG -- : waiting for input...
D, [2015-09-26T11:25:20.470634 #7840] DEBUG -- : handling input...
D, [2015-09-26T11:25:20.470813 #7840] DEBUG -- : msg of type SpicedGracken::CLI::Command created
D, [2015-09-26T11:25:20.470985 #7840] DEBUG -- : waiting for input...
D, [2015-09-26T11:25:29.543104 #7840] DEBUG -- : handling input...
D, [2015-09-26T11:25:29.543400 #7840] DEBUG -- : msg of type SpicedGracken::CLI::Command created
D, [2015-09-26T11:25:29.543725 #7840] DEBUG -- : waiting for input...
D, [2015-09-26T11:25:30.866343 #7840] DEBUG -- : handling input...
D, [2015-09-26T11:25:30.866617 #7840] DEBUG -- : msg of type SpicedGracken::CLI::Input created
D, [2015-09-26T11:25:30.867162 #7840] DEBUG -- : waiting for input...
D, [2015-09-26T11:25:37.714422 #7792] DEBUG -- : handling input...
D, [2015-09-26T11:25:37.714523 #7792] DEBUG -- : msg of type SpicedGracken::CLI::Input created
D, [2015-09-26T11:25:37.714588 #7792] DEBUG -- : warning: you have no servers
D, [2015-09-26T11:25:49.510536 #7792] DEBUG -- : handling input...
D, [2015-09-26T11:25:49.510783 #7792] DEBUG -- : msg of type SpicedGracken::CLI::Command created
D, [2015-09-26T11:25:49.510934 #7792] DEBUG -- : alert: not implemented...
D, [2015-09-26T11:26:00.047936 #7792] DEBUG -- : handling input...
D, [2015-09-26T11:26:00.048024 #7792] DEBUG -- : msg of type SpicedGracken::CLI::Command created
D, [2015-09-26T11:26:00.048241 #7792] DEBUG -- : info: port set to 2010
D, [2015-09-26T11:26:27.133345 #7792] DEBUG -- : handling input...
D, [2015-09-26T11:26:27.133661 #7792] DEBUG -- : msg of type SpicedGracken::CLI::Command created
D, [2015-09-26T11:26:35.548803 #7879] DEBUG -- : handling input...
D, [2015-09-26T11:26:35.549013 #7879] DEBUG -- : msg of type SpicedGracken::CLI::Command created
D, [2015-09-26T11:26:35.549287 #7879] DEBUG -- : info: {"alias"=>"alias", "port"=>"2010", "ip"=>"localhost"}
D, [2015-09-26T11:26:39.132710 #7879] DEBUG -- : handling input...
D, [2015-09-26T11:26:39.132944 #7879] DEBUG -- : msg of type SpicedGracken::CLI::Command created
D, [2015-09-26T11:26:39.135618 #7879] DEBUG -- : success: listening on 2010...
D, [2015-09-26T11:26:50.289448 #7879] DEBUG -- : handling input...
D, [2015-09-26T11:26:50.289668 #7879] DEBUG -- : msg of type SpicedGracken::CLI::Command created
D, [2015-09-26T11:26:53.478720 #7879] DEBUG -- : handling input...
D, [2015-09-26T11:26:53.478953 #7879] DEBUG -- : msg of type SpicedGracken::CLI::Input created
D, [2015-09-26T11:26:53.479216 #7879] DEBUG -- : addline: 26/09/15 11:11:26 alias > hi
D, [2015-09-26T11:29:42.071965 #7967] DEBUG -- : waiting for input...
D, [2015-09-26T11:29:48.599114 #7965] DEBUG -- : handling input...
D, [2015-09-26T11:29:48.599257 #7965] DEBUG -- : msg of type SpicedGracken::CLI::Command created
D, [2015-09-26T11:29:48.599333 #7965] DEBUG -- : alert: not implemented...
D, [2015-09-26T11:29:50.898698 #7965] DEBUG -- : handling input...
D, [2015-09-26T11:29:50.898786 #7965] DEBUG -- : msg of type SpicedGracken::CLI::Command created
D, [2015-09-26T11:29:50.898899 #7965] DEBUG -- : info: {"alias"=>"alias", "port"=>"2008", "ip"=>"localhost"}
D, [2015-09-26T11:29:53.827418 #7965] DEBUG -- : handling input...
D, [2015-09-26T11:29:53.827512 #7965] DEBUG -- : msg of type SpicedGracken::CLI::Command created
D, [2015-09-26T11:29:53.828363 #7965] DEBUG -- : success: listening on 2008...
D, [2015-09-26T11:29:59.315324 #7967] DEBUG -- : handling input...
D, [2015-09-26T11:29:59.315577 #7967] DEBUG -- : msg of type SpicedGracken::CLI::Command created
D, [2015-09-26T11:29:59.316516 #7967] DEBUG -- : waiting for input...
D, [2015-09-26T11:30:06.079106 #7967] DEBUG -- : handling input...
D, [2015-09-26T11:30:06.079305 #7967] DEBUG -- : msg of type SpicedGracken::CLI::Command created
D, [2015-09-26T11:30:06.083492 #7967] DEBUG -- : waiting for input...
D, [2015-09-26T11:30:07.757469 #7967] DEBUG -- : handling input...
D, [2015-09-26T11:30:07.757606 #7967] DEBUG -- : msg of type SpicedGracken::CLI::Input created
E, [2015-09-26T11:30:07.757804 #7967] ERROR -- : undefined method `klass' for #<SpicedGracken::Message::Chat:0x000000016738f0>
E, [2015-09-26T11:30:07.757886 #7967] ERROR -- : NoMethodError
D, [2015-09-26T11:30:07.757934 #7967] DEBUG -- : waiting for input...
D, [2015-09-26T11:30:16.953435 #7965] DEBUG -- : handling input...
D, [2015-09-26T11:30:16.953538 #7965] DEBUG -- : msg of type SpicedGracken::CLI::Command created
D, [2015-09-26T11:30:16.953653 #7965] DEBUG -- : info: no active nodes
D, [2015-09-26T11:30:26.214581 #7965] DEBUG -- : handling input...
D, [2015-09-26T11:30:26.214855 #7965] DEBUG -- : msg of type SpicedGracken::CLI::Command created
D, [2015-09-26T11:30:29.035388 #7965] DEBUG -- : handling input...
D, [2015-09-26T11:30:29.035603 #7965] DEBUG -- : msg of type SpicedGracken::CLI::Command created
D, [2015-09-26T11:30:29.035790 #7965] DEBUG -- : info: @localhost:2010
D, [2015-09-26T11:30:30.041277 #7965] DEBUG -- : handling input...
D, [2015-09-26T11:30:30.041375 #7965] DEBUG -- : msg of type SpicedGracken::CLI::Input created
E, [2015-09-26T11:30:30.045461 #7965] ERROR -- : undefined method `klass' for #<SpicedGracken::Message::Chat:0x00000001185780>
E, [2015-09-26T11:30:30.045554 #7965] ERROR -- : NoMethodError
D, [2015-09-26T11:30:33.450745 #7965] DEBUG -- : handling input...
D, [2015-09-26T11:30:33.450966 #7965] DEBUG -- : msg of type SpicedGracken::CLI::Input created
E, [2015-09-26T11:30:33.451237 #7965] ERROR -- : undefined method `klass' for #<SpicedGracken::Message::Chat:0x0000000117d490>
E, [2015-09-26T11:30:33.451296 #7965] ERROR -- : NoMethodError
D, [2015-09-26T11:30:34.237683 #7965] DEBUG -- : handling input...
D, [2015-09-26T11:30:34.237824 #7965] DEBUG -- : msg of type SpicedGracken::CLI::Input created
E, [2015-09-26T11:30:34.238072 #7965] ERROR -- : undefined method `klass' for #<SpicedGracken::Message::Chat:0x000000011751f0>
E, [2015-09-26T11:30:34.238140 #7965] ERROR -- : NoMethodError
D, [2015-09-26T11:30:36.989623 #7965] DEBUG -- : handling input...
D, [2015-09-26T11:30:36.989705 #7965] DEBUG -- : msg of type SpicedGracken::CLI::Input created
E, [2015-09-26T11:30:36.989813 #7965] ERROR -- : undefined method `klass' for #<SpicedGracken::Message::Chat:0x00000001161d08>
E, [2015-09-26T11:30:36.989833 #7965] ERROR -- : NoMethodError
D, [2015-09-26T11:30:39.444835 #7965] DEBUG -- : handling input...
D, [2015-09-26T11:30:39.444924 #7965] DEBUG -- : msg of type SpicedGracken::CLI::Input created
E, [2015-09-26T11:30:39.445135 #7965] ERROR -- : undefined method `klass' for #<SpicedGracken::Message::Chat:0x00000001157d30>
E, [2015-09-26T11:30:39.445181 #7965] ERROR -- : NoMethodError
D, [2015-09-26T11:30:41.793803 #7965] DEBUG -- : handling input...
D, [2015-09-26T11:30:41.793895 #7965] DEBUG -- : msg of type SpicedGracken::CLI::Input created
E, [2015-09-26T11:30:41.794001 #7965] ERROR -- : undefined method `klass' for #<SpicedGracken::Message::Chat:0x00000001112dc0>
E, [2015-09-26T11:30:41.794021 #7965] ERROR -- : NoMethodError
D, [2015-09-26T11:31:08.868567 #7965] DEBUG -- : handling input...
D, [2015-09-26T11:31:08.868668 #7965] DEBUG -- : msg of type SpicedGracken::CLI::Command created
D, [2015-09-26T11:31:16.221648 #7996] DEBUG -- : handling input...
D, [2015-09-26T11:31:16.221762 #7996] DEBUG -- : msg of type SpicedGracken::CLI::Command created
D, [2015-09-26T11:31:16.221873 #7996] DEBUG -- : info: no active nodes
D, [2015-09-26T11:31:23.044704 #7996] DEBUG -- : handling input...
D, [2015-09-26T11:31:23.044918 #7996] DEBUG -- : msg of type SpicedGracken::CLI::Command created
D, [2015-09-26T11:31:23.045157 #7996] DEBUG -- : alert: add requires an address and port
D, [2015-09-26T11:31:25.908443 #7967] DEBUG -- : handling input...
D, [2015-09-26T11:31:25.908553 #7967] DEBUG -- : msg of type SpicedGracken::CLI::Command created
D, [2015-09-26T11:31:25.908673 #7967] DEBUG -- : waiting for input...
D, [2015-09-26T11:31:38.389326 #7996] DEBUG -- : handling input...
D, [2015-09-26T11:31:38.389566 #7996] DEBUG -- : msg of type SpicedGracken::CLI::Command created
D, [2015-09-26T11:31:40.707733 #7996] DEBUG -- : handling input...
D, [2015-09-26T11:31:40.707931 #7996] DEBUG -- : msg of type SpicedGracken::CLI::Input created
E, [2015-09-26T11:31:40.708222 #7996] ERROR -- : undefined method `klass' for #<SpicedGracken::Message::Chat:0x000000027ed6f8>
E, [2015-09-26T11:31:40.708315 #7996] ERROR -- : NoMethodError
D, [2015-09-26T11:31:43.633816 #7996] DEBUG -- : handling input...
D, [2015-09-26T11:31:43.634035 #7996] DEBUG -- : msg of type SpicedGracken::CLI::Command created
D, [2015-09-26T11:31:43.634213 #7996] DEBUG -- : info: @localhost:2010
D, [2015-09-26T11:31:45.233259 #7996] DEBUG -- : handling input...
D, [2015-09-26T11:31:45.233403 #7996] DEBUG -- : msg of type SpicedGracken::CLI::Input created
E, [2015-09-26T11:31:45.233611 #7996] ERROR -- : undefined method `klass' for #<SpicedGracken::Message::Chat:0x000000027e40f8>
E, [2015-09-26T11:31:45.233653 #7996] ERROR -- : NoMethodError
D, [2015-09-26T11:31:46.189453 #7996] DEBUG -- : handling input...
D, [2015-09-26T11:31:46.189543 #7996] DEBUG -- : msg of type SpicedGracken::CLI::Input created
E, [2015-09-26T11:31:46.189655 #7996] ERROR -- : undefined method `klass' for #<SpicedGracken::Message::Chat:0x000000027d8b90>
E, [2015-09-26T11:31:46.189678 #7996] ERROR -- : NoMethodError
D, [2015-09-26T11:32:15.958337 #7967] DEBUG -- : handling input...
D, [2015-09-26T11:32:15.958495 #7967] DEBUG -- : msg of type SpicedGracken::CLI::Command created
D, [2015-09-26T11:32:18.229217 #8059] DEBUG -- : waiting for input...
D, [2015-09-26T11:32:20.866739 #8059] DEBUG -- : handling input...
D, [2015-09-26T11:32:20.866839 #8059] DEBUG -- : msg of type SpicedGracken::CLI::Command created
D, [2015-09-26T11:32:20.866941 #8059] DEBUG -- : waiting for input...
D, [2015-09-26T11:32:24.554493 #8042] DEBUG -- : handling input...
D, [2015-09-26T11:32:24.554605 #8042] DEBUG -- : msg of type SpicedGracken::CLI::Command created
D, [2015-09-26T11:32:24.554694 #8042] DEBUG -- : info: {"alias"=>"alias", "port"=>"2008", "ip"=>"localhost"}
D, [2015-09-26T11:32:27.784222 #8042] DEBUG -- : handling input...
D, [2015-09-26T11:32:27.784317 #8042] DEBUG -- : msg of type SpicedGracken::CLI::Command created
D, [2015-09-26T11:32:27.784486 #8042] DEBUG -- : success: listening on 2008...
D, [2015-09-26T11:32:31.568116 #8042] DEBUG -- : handling input...
D, [2015-09-26T11:32:31.568357 #8042] DEBUG -- : msg of type SpicedGracken::CLI::Command created
D, [2015-09-26T11:32:31.568545 #8042] DEBUG -- : info: no active nodes
D, [2015-09-26T11:32:37.043175 #8042] DEBUG -- : handling input...
D, [2015-09-26T11:32:37.043418 #8042] DEBUG -- : msg of type SpicedGracken::CLI::Command created
D, [2015-09-26T11:32:38.947202 #8042] DEBUG -- : handling input...
D, [2015-09-26T11:32:38.947352 #8042] DEBUG -- : msg of type SpicedGracken::CLI::Input created
D, [2015-09-26T11:32:38.947495 #8042] DEBUG -- : addline: 26/09/15 11:11:32 alias > hi
D, [2015-09-26T11:34:55.365346 #8131] DEBUG -- : handling input...
D, [2015-09-26T11:34:55.365497 #8131] DEBUG -- : msg of type SpicedGracken::CLI::Command created
D, [2015-09-26T11:34:55.365595 #8131] DEBUG -- : info: {"alias"=>"alias", "port"=>"2010", "ip"=>"localhost"}
D, [2015-09-26T11:34:58.009213 #8131] DEBUG -- : handling input...
D, [2015-09-26T11:34:58.009454 #8131] DEBUG -- : msg of type SpicedGracken::CLI::Input created
D, [2015-09-26T11:34:58.009592 #8131] DEBUG -- : warning: you have no servers
D, [2015-09-26T11:35:04.026918 #8131] DEBUG -- : handling input...
D, [2015-09-26T11:35:04.027025 #8131] DEBUG -- : msg of type SpicedGracken::CLI::Command created
D, [2015-09-26T11:35:04.027310 #8131] DEBUG -- : info: port set to 2008
D, [2015-09-26T11:35:10.421324 #8059] DEBUG -- : handling input...
D, [2015-09-26T11:35:10.421493 #8059] DEBUG -- : msg of type SpicedGracken::CLI::Command created
D, [2015-09-26T11:35:11.070067 #8147] DEBUG -- : waiting for input...
D, [2015-09-26T11:35:14.007274 #8147] DEBUG -- : handling input...
D, [2015-09-26T11:35:14.007468 #8147] DEBUG -- : msg of type SpicedGracken::CLI::Command created
D, [2015-09-26T11:35:14.007703 #8147] DEBUG -- : waiting for input...
D, [2015-09-26T11:35:21.682717 #8131] DEBUG -- : handling input...
D, [2015-09-26T11:35:21.682889 #8131] DEBUG -- : msg of type SpicedGracken::CLI::Command created
D, [2015-09-26T11:35:23.135298 #8131] DEBUG -- : handling input...
D, [2015-09-26T11:35:23.135446 #8131] DEBUG -- : msg of type SpicedGracken::CLI::Input created
D, [2015-09-26T11:35:23.135645 #8131] DEBUG -- : addline: 26/09/15 11:11:35 alias > hi
D, [2015-09-26T11:35:27.989812 #8147] DEBUG -- : handling input...
D, [2015-09-26T11:35:27.989943 #8147] DEBUG -- : msg of type SpicedGracken::CLI::Input created
D, [2015-09-26T11:35:27.990213 #8147] DEBUG -- : waiting for input...
D, [2015-09-26T11:43:49.304020 #8304] DEBUG -- : handling input...
D, [2015-09-26T11:43:49.304147 #8304] DEBUG -- : msg of type SpicedGracken::CLI::Command created
D, [2015-09-26T11:43:49.304225 #8304] DEBUG -- : info: {"alias"=>"alias", "port"=>"2010", "ip"=>"localhost"}
D, [2015-09-26T11:43:57.406910 #8304] DEBUG -- : handling input...
D, [2015-09-26T11:43:57.406992 #8304] DEBUG -- : msg of type SpicedGracken::CLI::Command created
D, [2015-09-26T11:43:57.407873 #8304] DEBUG -- : success: listening on 2010...
D, [2015-09-26T11:43:57.408186 #8304] DEBUG -- : alert: Address already in use - bind(2) for nil port 2010
F, [2015-09-26T11:43:57.408257 #8304] FATAL -- : Address already in use - bind(2) for nil port 2010
F, [2015-09-26T11:43:57.408303 #8304] FATAL -- : ["/home/lprestonsegoiii/.rvm/gems/ruby-2.2.1/gems/spiced_gracken-0.1.2/lib/spiced_gracken/http/server.rb:9:in `initialize'", "/home/lprestonsegoiii/.rvm/gems/ruby-2.2.1/gems/spiced_gracken-0.1.2/lib/spiced_gracken/http/server.rb:9:in `new'", "/home/lprestonsegoiii/.rvm/gems/ruby-2.2.1/gems/spiced_gracken-0.1.2/lib/spiced_gracken/http/server.rb:9:in `initialize'", "/home/lprestonsegoiii/.rvm/gems/ruby-2.2.1/gems/spiced_gracken-0.1.2/lib/spiced_gracken/cli.rb:66:in `new'", "/home/lprestonsegoiii/.rvm/gems/ruby-2.2.1/gems/spiced_gracken-0.1.2/lib/spiced_gracken/cli.rb:66:in `block in start_server'"]
D, [2015-09-26T11:44:08.231930 #8304] DEBUG -- : handling input...
D, [2015-09-26T11:44:08.232142 #8304] DEBUG -- : msg of type SpicedGracken::CLI::Command created
D, [2015-09-26T11:44:08.236471 #8304] DEBUG -- : info: port set to 2008
D, [2015-09-26T11:44:10.552470 #8304] DEBUG -- : handling input...
D, [2015-09-26T11:44:10.552555 #8304] DEBUG -- : msg of type SpicedGracken::CLI::Command created
D, [2015-09-26T11:44:10.552681 #8304] DEBUG -- : success: listening on 2008...
D, [2015-09-26T11:44:40.314560 #8147] DEBUG -- : handling input...
D, [2015-09-26T11:44:40.314827 #8147] DEBUG -- : msg of type SpicedGracken::CLI::Command created
D, [2015-09-26T11:44:43.628803 #8337] DEBUG -- : waiting for input...
D, [2015-09-26T11:44:45.620525 #8337] DEBUG -- : handling input...
D, [2015-09-26T11:44:45.620635 #8337] DEBUG -- : msg of type SpicedGracken::CLI::Command created
D, [2015-09-26T11:44:45.620761 #8337] DEBUG -- : waiting for input...
D, [2015-09-26T11:44:59.879714 #8304] DEBUG -- : handling input...
D, [2015-09-26T11:44:59.879860 #8304] DEBUG -- : msg of type SpicedGracken::CLI::Command created
D, [2015-09-26T11:45:04.349864 #8304] DEBUG -- : handling input...
D, [2015-09-26T11:45:04.350093 #8304] DEBUG -- : msg of type SpicedGracken::CLI::Command created
D, [2015-09-26T11:45:04.350289 #8304] DEBUG -- : alert: not implemented...
D, [2015-09-26T11:45:06.521605 #8304] DEBUG -- : handling input...
D, [2015-09-26T11:45:06.521833 #8304] DEBUG -- : msg of type SpicedGracken::CLI::Input created
D, [2015-09-26T11:45:06.522064 #8304] DEBUG -- : addline: 26/09/15 11:11:45 alias > hi
D, [2015-09-26T11:48:40.789180 #8304] DEBUG -- : handling input...
D, [2015-09-26T11:48:40.789436 #8304] DEBUG -- : msg of type SpicedGracken::CLI::Command created
D, [2015-09-26T11:48:53.657166 #8407] DEBUG -- : handling input...
D, [2015-09-26T11:48:53.657449 #8407] DEBUG -- : msg of type SpicedGracken::CLI::Command created
D, [2015-09-26T11:48:53.660005 #8407] DEBUG -- : success: listening on 2008...
D, [2015-09-26T11:48:56.930950 #8337] DEBUG -- : handling input...
D, [2015-09-26T11:48:56.931100 #8337] DEBUG -- : msg of type SpicedGracken::CLI::Input created
D, [2015-09-26T11:48:56.931338 #8337] DEBUG -- : waiting for input...
D, [2015-09-26T11:48:56.932118 #8407] DEBUG -- : addline: 26/09/15 11:11:48 alias > hello
D, [2015-09-26T11:50:06.338041 #8407] DEBUG -- : handling input...
D, [2015-09-26T11:50:06.338205 #8407] DEBUG -- : msg of type SpicedGracken::CLI::Command created
D, [2015-09-26T11:50:19.767360 #8337] DEBUG -- : handling input...
D, [2015-09-26T11:50:19.767473 #8337] DEBUG -- : msg of type SpicedGracken::CLI::Input created
D, [2015-09-26T11:50:19.767640 #8337] DEBUG -- : waiting for input...
D, [2015-09-26T11:50:43.210910 #8467] DEBUG -- : handling input...
D, [2015-09-26T11:50:43.211187 #8467] DEBUG -- : msg of type SpicedGracken::CLI::Command created
D, [2015-09-26T11:50:43.211664 #8467] DEBUG -- : success: listening on 2008...
D, [2015-09-26T11:51:10.582699 #8337] DEBUG -- : handling input...
D, [2015-09-26T11:51:10.582859 #8337] DEBUG -- : msg of type SpicedGracken::CLI::Command created
D, [2015-09-26T11:51:10.583003 #8337] DEBUG -- : waiting for input...
D, [2015-09-26T11:51:19.031445 #8337] DEBUG -- : handling input...
D, [2015-09-26T11:51:19.031541 #8337] DEBUG -- : msg of type SpicedGracken::CLI::Input created
D, [2015-09-26T11:51:19.031678 #8337] DEBUG -- : waiting for input...
D, [2015-09-26T11:51:19.032061 #8467] DEBUG -- : server:: SpicedGracken::Message::Chat
D, [2015-09-26T11:51:19.032128 #8467] DEBUG -- : addline: 26/09/15 11:11:51 alias > hi
D, [2015-09-26T11:52:29.412580 #8515] DEBUG -- : handling input...
D, [2015-09-26T11:52:29.412694 #8515] DEBUG -- : msg of type SpicedGracken::CLI::Command created
D, [2015-09-26T11:52:29.412766 #8515] DEBUG -- : info: {"alias"=>"alias", "port"=>"2008", "ip"=>"localhost"}
D, [2015-09-26T11:52:33.408878 #8515] DEBUG -- : handling input...
D, [2015-09-26T11:52:33.409142 #8515] DEBUG -- : msg of type SpicedGracken::CLI::Command created
D, [2015-09-26T11:52:33.409576 #8515] DEBUG -- : success: listening on 2008...
D, [2015-09-26T11:52:36.670072 #8515] DEBUG -- : handling input...
D, [2015-09-26T11:52:36.670203 #8515] DEBUG -- : msg of type SpicedGracken::CLI::Command created
D, [2015-09-26T11:52:36.670543 #8515] DEBUG -- : info: alias set to nvp
D, [2015-09-26T11:52:44.574200 #8337] DEBUG -- : handling input...
D, [2015-09-26T11:52:44.574384 #8337] DEBUG -- : msg of type SpicedGracken::CLI::Input created
D, [2015-09-26T11:52:44.575159 #8337] DEBUG -- : waiting for input...
D, [2015-09-26T11:52:44.576057 #8515] DEBUG -- : server:: SpicedGracken::Message::Chat
D, [2015-09-26T11:52:44.576254 #8515] DEBUG -- : chat: 26/09/15 11:11:52 alias > hi
D, [2015-09-26T11:52:55.772182 #8515] DEBUG -- : handling input...
D, [2015-09-26T11:52:55.772329 #8515] DEBUG -- : msg of type SpicedGracken::CLI::Command created
D, [2015-09-26T11:52:55.772451 #8515] DEBUG -- : info: alias@localhost:2010
D, [2015-09-26T11:53:13.389345 #8337] DEBUG -- : handling input...
D, [2015-09-26T11:53:13.389578 #8337] DEBUG -- : msg of type SpicedGracken::CLI::Command created
D, [2015-09-26T11:53:13.390501 #8337] DEBUG -- : waiting for input...
D, [2015-09-26T11:53:20.783611 #8337] DEBUG -- : handling input...
D, [2015-09-26T11:53:20.783706 #8337] DEBUG -- : msg of type SpicedGracken::CLI::Command created
D, [2015-09-26T11:53:20.783978 #8337] DEBUG -- : waiting for input...
D, [2015-09-26T11:53:23.926956 #8337] DEBUG -- : handling input...
D, [2015-09-26T11:53:23.927081 #8337] DEBUG -- : msg of type SpicedGracken::CLI::Command created
D, [2015-09-26T11:53:25.273907 #8539] DEBUG -- : waiting for input...
D, [2015-09-26T11:53:29.332931 #8539] DEBUG -- : handling input...
D, [2015-09-26T11:53:29.333067 #8539] DEBUG -- : msg of type SpicedGracken::CLI::Command created
D, [2015-09-26T11:53:29.333212 #8539] DEBUG -- : waiting for input...
D, [2015-09-26T11:53:37.321820 #8539] DEBUG -- : handling input...
D, [2015-09-26T11:53:37.321916 #8539] DEBUG -- : msg of type SpicedGracken::CLI::Command created
D, [2015-09-26T11:53:37.322001 #8539] DEBUG -- : waiting for input...
D, [2015-09-26T11:53:39.918506 #8539] DEBUG -- : handling input...
D, [2015-09-26T11:53:39.918606 #8539] DEBUG -- : msg of type SpicedGracken::CLI::Input created
D, [2015-09-26T11:53:39.918673 #8539] DEBUG -- : server:: SpicedGracken::Message::Chat
D, [2015-09-26T11:53:39.918930 #8539] DEBUG -- : waiting for input...
D, [2015-09-26T11:53:39.919798 #8515] DEBUG -- : server:: SpicedGracken::Message::Chat
D, [2015-09-26T11:53:39.919853 #8515] DEBUG -- : chat: 26/09/15 11:11:53 bash-nvp > hi
D, [2015-09-26T11:53:45.479185 #8515] DEBUG -- : handling input...
D, [2015-09-26T11:53:45.479415 #8515] DEBUG -- : msg of type SpicedGracken::CLI::Input created
D, [2015-09-26T11:53:45.479609 #8515] DEBUG -- : server:: SpicedGracken::Message::Chat
D, [2015-09-26T11:53:45.479847 #8515] DEBUG -- : chat: 26/09/15 11:11:53 nvp > boom!
D, [2015-09-26T11:53:45.482821 #8539] DEBUG -- : server:: SpicedGracken::Message::Chat
D, [2015-09-26T11:53:45.483371 #8539] DEBUG -- : server:: SpicedGracken::Message::Chat
D, [2015-09-26T11:54:12.375380 #8515] DEBUG -- : handling input...
D, [2015-09-26T11:54:12.375556 #8515] DEBUG -- : msg of type SpicedGracken::CLI::Input created
D, [2015-09-26T11:54:12.375646 #8515] DEBUG -- : server:: SpicedGracken::Message::Chat
D, [2015-09-26T11:54:12.375740 #8515] DEBUG -- : chat: 26/09/15 11:11:54 nvp > wooo
D, [2015-09-26T11:54:12.377196 #8539] DEBUG -- : server:: SpicedGracken::Message::Chat
D, [2015-09-26T11:54:12.377492 #8539] DEBUG -- : server:: SpicedGracken::Message::Chat
D, [2015-09-26T11:54:18.486887 #8515] DEBUG -- : handling input...
D, [2015-09-26T11:54:18.486985 #8515] DEBUG -- : msg of type SpicedGracken::CLI::Input created
D, [2015-09-26T11:54:18.487029 #8515] DEBUG -- : server:: SpicedGracken::Message::Chat
D, [2015-09-26T11:54:18.487057 #8515] DEBUG -- : chat: 26/09/15 11:11:54 nvp > that's interesting
D, [2015-09-26T11:54:18.488502 #8539] DEBUG -- : server:: SpicedGracken::Message::Chat
D, [2015-09-26T11:54:18.488710 #8539] DEBUG -- : server:: SpicedGracken::Message::Chat
D, [2015-09-26T11:54:21.795794 #8515] DEBUG -- : handling input...
D, [2015-09-26T11:54:21.795918 #8515] DEBUG -- : msg of type SpicedGracken::CLI::Input created
D, [2015-09-26T11:54:21.795976 #8515] DEBUG -- : server:: SpicedGracken::Message::Chat
D, [2015-09-26T11:54:21.796016 #8515] DEBUG -- : chat: 26/09/15 11:11:54 nvp > like... wut
D, [2015-09-26T11:54:21.797124 #8539] DEBUG -- : server:: SpicedGracken::Message::Chat
D, [2015-09-26T11:54:21.797242 #8539] DEBUG -- : server:: SpicedGracken::Message::Chat
D, [2015-09-26T11:54:25.717682 #8539] DEBUG -- : handling input...
D, [2015-09-26T11:54:25.717781 #8539] DEBUG -- : msg of type SpicedGracken::CLI::Input created
D, [2015-09-26T11:54:25.717825 #8539] DEBUG -- : server:: SpicedGracken::Message::Chat
D, [2015-09-26T11:54:25.718448 #8539] DEBUG -- : waiting for input...
D, [2015-09-26T11:54:25.718711 #8515] DEBUG -- : server:: SpicedGracken::Message::Chat
D, [2015-09-26T11:54:25.718886 #8515] DEBUG -- : chat: 26/09/15 11:11:54 bash-nvp > right?
D, [2015-09-26T11:54:25.719259 #8515] DEBUG -- : server:: SpicedGracken::Message::Chat
D, [2015-09-26T11:54:25.719373 #8515] DEBUG -- : server:: SpicedGracken::Message::Chat
D, [2015-09-26T11:54:25.719416 #8515] DEBUG -- : server:: SpicedGracken::Message::Chat
D, [2015-09-26T11:54:25.719618 #8515] DEBUG -- : chat: 26/09/15 11:11:54 bash-nvp > right?
D, [2015-09-26T11:54:25.719665 #8515] DEBUG -- : server:: SpicedGracken::Message::Chat
D, [2015-09-26T11:54:25.719719 #8515] DEBUG -- : server:: SpicedGracken::Message::Chat
D, [2015-09-26T11:54:25.719759 #8515] DEBUG -- : server:: SpicedGracken::Message::Chat
D, [2015-09-26T11:54:25.719805 #8515] DEBUG -- : server:: SpicedGracken::Message::Chat
D, [2015-09-26T11:54:25.720228 #8515] DEBUG -- : chat: 26/09/15 11:11:54 bash-nvp > right?
D, [2015-09-26T11:54:25.719936 #8515] DEBUG -- : chat: 26/09/15 11:11:54 bash-nvp > right?
D, [2015-09-26T11:54:25.719972 #8515] DEBUG -- : chat: 26/09/15 11:11:54 bash-nvp > right?
D, [2015-09-26T11:54:25.720123 #8515] DEBUG -- : chat: 26/09/15 11:11:54 bash-nvp > right?
D, [2015-09-26T11:54:25.720160 #8515] DEBUG -- : chat: 26/09/15 11:11:54 bash-nvp > right?
D, [2015-09-26T11:54:25.720195 #8515] DEBUG -- : chat: 26/09/15 11:11:54 bash-nvp > right?
D, [2015-09-26T11:54:25.719891 #8515] DEBUG -- : server:: SpicedGracken::Message::Chat
D, [2015-09-26T11:54:25.720908 #8515] DEBUG -- : chat: 26/09/15 11:11:54 bash-nvp > right?
D, [2015-09-26T11:54:28.822521 #8539] DEBUG -- : handling input...
D, [2015-09-26T11:54:28.822649 #8539] DEBUG -- : msg of type SpicedGracken::CLI::Input created
D, [2015-09-26T11:54:28.822755 #8539] DEBUG -- : server:: SpicedGracken::Message::Chat
D, [2015-09-26T11:54:28.823685 #8539] DEBUG -- : waiting for input...
D, [2015-09-26T11:54:28.824641 #8515] DEBUG -- : server:: SpicedGracken::Message::Chat
D, [2015-09-26T11:54:28.824898 #8515] DEBUG -- : server:: SpicedGracken::Message::Chat
D, [2015-09-26T11:54:28.825155 #8515] DEBUG -- : chat: 26/09/15 11:11:54 bash-nvp > oh my
D, [2015-09-26T11:54:28.825380 #8515] DEBUG -- : server:: SpicedGracken::Message::Chat
D, [2015-09-26T11:54:28.829219 #8515] DEBUG -- : chat: 26/09/15 11:11:54 bash-nvp > oh my
D, [2015-09-26T11:54:28.826278 #8515] DEBUG -- : server:: SpicedGracken::Message::Chat
D, [2015-09-26T11:54:28.827607 #8515] DEBUG -- : server:: SpicedGracken::Message::Chat
D, [2015-09-26T11:54:28.827964 #8515] DEBUG -- : server:: SpicedGracken::Message::Chat
D, [2015-09-26T11:54:28.828155 #8515] DEBUG -- : chat: 26/09/15 11:11:54 bash-nvp > oh my
D, [2015-09-26T11:54:28.825921 #8515] DEBUG -- : server:: SpicedGracken::Message::Chat
D, [2015-09-26T11:54:28.830071 #8515] DEBUG -- : chat: 26/09/15 11:11:54 bash-nvp > oh my
D, [2015-09-26T11:54:28.830427 #8515] DEBUG -- : server:: SpicedGracken::Message::Chat
D, [2015-09-26T11:54:28.830619 #8515] DEBUG -- : chat: 26/09/15 11:11:54 bash-nvp > oh my
D, [2015-09-26T11:54:28.830831 #8515] DEBUG -- : chat: 26/09/15 11:11:54 bash-nvp > oh my
D, [2015-09-26T11:54:28.831684 #8515] DEBUG -- : server:: SpicedGracken::Message::Chat
D, [2015-09-26T11:54:28.837451 #8515] DEBUG -- : chat: 26/09/15 11:11:54 bash-nvp > oh my
D, [2015-09-26T11:54:28.834435 #8515] DEBUG -- : chat: 26/09/15 11:11:54 bash-nvp > oh my
D, [2015-09-26T11:54:28.831909 #8515] DEBUG -- : chat: 26/09/15 11:11:54 bash-nvp > oh my
D, [2015-09-26T11:54:41.679712 #8539] DEBUG -- : handling input...
D, [2015-09-26T11:54:41.679952 #8539] DEBUG -- : msg of type SpicedGracken::CLI::Command created
D, [2015-09-26T11:54:41.680753 #8539] DEBUG -- : waiting for input...
D, [2015-09-26T11:54:44.716069 #8539] DEBUG -- : handling input...
D, [2015-09-26T11:54:44.716263 #8539] DEBUG -- : msg of type SpicedGracken::CLI::Input created
D, [2015-09-26T11:54:44.716375 #8539] DEBUG -- : server:: SpicedGracken::Message::Chat
D, [2015-09-26T11:54:44.717752 #8539] DEBUG -- : waiting for input...
D, [2015-09-26T11:54:44.720035 #8515] DEBUG -- : server:: SpicedGracken::Message::Chat
D, [2015-09-26T11:54:44.720333 #8515] DEBUG -- : chat: 26/09/15 11:11:54 bash-nvp > that would do it
D, [2015-09-26T11:54:44.720749 #8515] DEBUG -- : server:: SpicedGracken::Message::Chat
D, [2015-09-26T11:54:44.721068 #8515] DEBUG -- : server:: SpicedGracken::Message::Chat
D, [2015-09-26T11:54:44.721943 #8515] DEBUG -- : server:: SpicedGracken::Message::Chat
D, [2015-09-26T11:54:44.722231 #8515] DEBUG -- : server:: SpicedGracken::Message::Chat
D, [2015-09-26T11:54:44.722485 #8515] DEBUG -- : server:: SpicedGracken::Message::Chat
D, [2015-09-26T11:54:44.722679 #8515] DEBUG -- : chat: 26/09/15 11:11:54 bash-nvp > that would do it
D, [2015-09-26T11:54:44.723293 #8515] DEBUG -- : server:: SpicedGracken::Message::Chat
D, [2015-09-26T11:54:44.723559 #8515] DEBUG -- : chat: 26/09/15 11:11:54 bash-nvp > that would do it
D, [2015-09-26T11:54:44.723887 #8515] DEBUG -- : server:: SpicedGracken::Message::Chat
D, [2015-09-26T11:54:44.729770 #8515] DEBUG -- : chat: 26/09/15 11:11:54 bash-nvp > that would do it
D, [2015-09-26T11:54:44.724267 #8515] DEBUG -- : server:: SpicedGracken::Message::Chat
D, [2015-09-26T11:54:44.724637 #8515] DEBUG -- : chat: 26/09/15 11:11:54 bash-nvp > that would do it
D, [2015-09-26T11:54:44.724793 #8515] DEBUG -- : chat: 26/09/15 11:11:54 bash-nvp > that would do it
D, [2015-09-26T11:54:44.725622 #8515] DEBUG -- : chat: 26/09/15 11:11:54 bash-nvp > that would do it
D, [2015-09-26T11:54:44.730372 #8515] DEBUG -- : chat: 26/09/15 11:11:54 bash-nvp > that would do it
D, [2015-09-26T11:54:44.724423 #8515] DEBUG -- : chat: 26/09/15 11:11:54 bash-nvp > that would do it
D, [2015-09-26T11:54:49.185777 #8515] DEBUG -- : handling input...
D, [2015-09-26T11:54:49.185873 #8515] DEBUG -- : msg of type SpicedGracken::CLI::Command created
D, [2015-09-26T11:54:49.185955 #8515] DEBUG -- : info: alias, bash-nvp, bash-nvp, bash-nvp, bash-nvp, bash-nvp, bash-nvp, bash-nvp, bash-nvp, bash-nvp, bash-nvp, bash-nvp, bash-nvp, bash-nvp, bash-nvp, bash-nvp, bash-nvp, bash-nvp, bash-nvp, bash-nvp, bash-nvp, bash-nvp, bash-nvp, bash-nvp, bash-nvp, bash-nvp, bash-nvp, bash-nvp, bash-nvp
D, [2015-09-26T11:54:53.240900 #8515] DEBUG -- : handling input...
D, [2015-09-26T11:54:53.241010 #8515] DEBUG -- : msg of type SpicedGracken::CLI::Command created
D, [2015-09-26T11:54:53.241125 #8515] DEBUG -- : info: alias@localhost:2010
bash-nvp@localhost:2010
bash-nvp@localhost:2010
bash-nvp@localhost:2010
bash-nvp@localhost:2010
bash-nvp@localhost:2010
bash-nvp@localhost:2010
bash-nvp@localhost:2010
bash-nvp@localhost:2010
bash-nvp@localhost:2010
bash-nvp@localhost:2010
bash-nvp@localhost:2010
bash-nvp@localhost:2010
bash-nvp@localhost:2010
bash-nvp@localhost:2010
bash-nvp@localhost:2010
bash-nvp@localhost:2010
bash-nvp@localhost:2010
bash-nvp@localhost:2010
bash-nvp@localhost:2010
bash-nvp@localhost:2010
bash-nvp@localhost:2010
bash-nvp@localhost:2010
bash-nvp@localhost:2010
bash-nvp@localhost:2010
bash-nvp@localhost:2010
bash-nvp@localhost:2010
bash-nvp@localhost:2010
bash-nvp@localhost:2010
D, [2015-09-26T11:54:56.365012 #8515] DEBUG -- : handling input...
D, [2015-09-26T11:54:56.365125 #8515] DEBUG -- : msg of type SpicedGracken::CLI::Input created
D, [2015-09-26T11:54:56.365186 #8515] DEBUG -- : server:: SpicedGracken::Message::Chat
D, [2015-09-26T11:54:56.365252 #8515] DEBUG -- : chat: 26/09/15 11:11:54 nvp > yikes
D, [2015-09-26T11:54:56.368302 #8539] DEBUG -- : server:: SpicedGracken::Message::Chat
D, [2015-09-26T11:54:56.368823 #8539] DEBUG -- : server:: SpicedGracken::Message::Chat
D, [2015-09-26T11:54:56.368923 #8539] DEBUG -- : server:: SpicedGracken::Message::Chat
D, [2015-09-26T11:54:56.369026 #8539] DEBUG -- : server:: SpicedGracken::Message::Chat
D, [2015-09-26T11:54:56.369290 #8539] DEBUG -- : server:: SpicedGracken::Message::Chat
D, [2015-09-26T11:54:56.369370 #8539] DEBUG -- : server:: SpicedGracken::Message::Chat
D, [2015-09-26T11:54:56.369539 #8539] DEBUG -- : server:: SpicedGracken::Message::Chat
D, [2015-09-26T11:54:56.371503 #8539] DEBUG -- : server:: SpicedGracken::Message::Chat
D, [2015-09-26T11:54:56.373055 #8539] DEBUG -- : server:: SpicedGracken::Message::Chat
D, [2015-09-26T11:54:56.376964 #8539] DEBUG -- : server:: SpicedGracken::Message::Chat
D, [2015-09-26T11:54:56.373670 #8539] DEBUG -- : server:: SpicedGracken::Message::Chat
D, [2015-09-26T11:54:56.375099 #8539] DEBUG -- : server:: SpicedGracken::Message::Chat
D, [2015-09-26T11:54:56.375477 #8539] DEBUG -- : server:: SpicedGracken::Message::Chat
D, [2015-09-26T11:54:56.375567 #8539] DEBUG -- : server:: SpicedGracken::Message::Chat
D, [2015-09-26T11:54:56.375724 #8539] DEBUG -- : server:: SpicedGracken::Message::Chat
D, [2015-09-26T11:54:56.375842 #8539] DEBUG -- : server:: SpicedGracken::Message::Chat
D, [2015-09-26T11:54:56.378761 #8539] DEBUG -- : server:: SpicedGracken::Message::Chat
D, [2015-09-26T11:54:56.376592 #8539] DEBUG -- : server:: SpicedGracken::Message::Chat
D, [2015-09-26T11:54:56.376671 #8539] DEBUG -- : server:: SpicedGracken::Message::Chat
D, [2015-09-26T11:54:56.376830 #8539] DEBUG -- : server:: SpicedGracken::Message::Chat
D, [2015-09-26T11:54:56.377041 #8539] DEBUG -- : server:: SpicedGracken::Message::Chat
D, [2015-09-26T11:54:56.377234 #8539] DEBUG -- : server:: SpicedGracken::Message::Chat
D, [2015-09-26T11:54:56.377291 #8539] DEBUG -- : server:: SpicedGracken::Message::Chat
D, [2015-09-26T11:54:56.373492 #8539] DEBUG -- : server:: SpicedGracken::Message::Chat
D, [2015-09-26T11:54:56.377754 #8539] DEBUG -- : server:: SpicedGracken::Message::Chat
D, [2015-09-26T11:54:56.377827 #8539] DEBUG -- : server:: SpicedGracken::Message::Chat
D, [2015-09-26T11:54:56.376539 #8539] DEBUG -- : server:: SpicedGracken::Message::Chat
D, [2015-09-26T11:54:56.378831 #8539] DEBUG -- : server:: SpicedGracken::Message::Chat
D, [2015-09-26T11:54:56.381580 #8539] DEBUG -- : server:: SpicedGracken::Message::Chat
D, [2015-09-26T12:04:35.150577 #8539] DEBUG -- : handling input...
D, [2015-09-26T12:04:35.150722 #8539] DEBUG -- : msg of type SpicedGracken::CLI::Whisper created
E, [2015-09-26T12:04:35.150924 #8539] ERROR -- : undefined local variable or method `_settings' for #<SpicedGracken::CLI::Whisper:0x00000000ed0120>
E, [2015-09-26T12:04:35.151001 #8539] ERROR -- : NameError
D, [2015-09-26T12:04:35.151048 #8539] DEBUG -- : waiting for input...
D, [2015-09-26T12:04:43.006936 #8515] DEBUG -- : handling input...
D, [2015-09-26T12:04:43.007178 #8515] DEBUG -- : msg of type SpicedGracken::CLI::Whisper created
E, [2015-09-26T12:04:43.007536 #8515] ERROR -- : undefined local variable or method `_settings' for #<SpicedGracken::CLI::Whisper:0x000000011dc760>
E, [2015-09-26T12:04:43.007627 #8515] ERROR -- : NameError
D, [2015-09-26T12:06:51.869973 #8539] DEBUG -- : handling input...
D, [2015-09-26T12:06:51.870238 #8539] DEBUG -- : msg of type SpicedGracken::CLI::Command created
D, [2015-09-26T12:07:17.304798 #9132] DEBUG -- : waiting for input...
D, [2015-09-26T12:07:40.019281 #8515] DEBUG -- : handling input...
D, [2015-09-26T12:07:40.019512 #8515] DEBUG -- : msg of type SpicedGracken::CLI::Command created
D, [2015-09-26T12:07:49.198506 #9150] DEBUG -- : handling input...
D, [2015-09-26T12:07:49.198785 #9150] DEBUG -- : msg of type SpicedGracken::CLI::Command created
D, [2015-09-26T12:07:49.199021 #9150] DEBUG -- : info: {"alias"=>"nvp", "port"=>"2008", "ip"=>"localhost"}
D, [2015-09-26T12:07:54.487608 #9132] DEBUG -- : handling input...
D, [2015-09-26T12:07:54.487716 #9132] DEBUG -- : msg of type SpicedGracken::CLI::Command created
D, [2015-09-26T12:07:54.487884 #9132] DEBUG -- : waiting for input...
D, [2015-09-26T12:08:00.794247 #9150] DEBUG -- : handling input...
D, [2015-09-26T12:08:00.794394 #9150] DEBUG -- : msg of type SpicedGracken::CLI::Command created
D, [2015-09-26T12:08:00.796790 #9150] DEBUG -- : success: listening on 2008...
D, [2015-09-26T12:08:02.659551 #9150] DEBUG -- : handling input...
D, [2015-09-26T12:08:02.659647 #9150] DEBUG -- : msg of type SpicedGracken::CLI::Command created
D, [2015-09-26T12:08:02.659736 #9150] DEBUG -- : info: no active nodes
D, [2015-09-26T12:08:05.667537 #9132] DEBUG -- : handling input...
D, [2015-09-26T12:08:05.667635 #9132] DEBUG -- : msg of type SpicedGracken::CLI::Command created
D, [2015-09-26T12:08:05.667807 #9132] DEBUG -- : waiting for input...
D, [2015-09-26T12:08:11.821700 #9132] DEBUG -- : handling input...
D, [2015-09-26T12:08:11.821879 #9132] DEBUG -- : msg of type SpicedGracken::CLI::Command created
D, [2015-09-26T12:08:11.822082 #9132] DEBUG -- : waiting for input...
D, [2015-09-26T12:08:12.513760 #9132] DEBUG -- : handling input...
D, [2015-09-26T12:08:12.513973 #9132] DEBUG -- : msg of type SpicedGracken::CLI::Input created
D, [2015-09-26T12:08:12.514131 #9132] DEBUG -- : server:: SpicedGracken::Message::Chat
D, [2015-09-26T12:08:12.514827 #9132] DEBUG -- : waiting for input...
D, [2015-09-26T12:08:12.517204 #9150] DEBUG -- : server:: SpicedGracken::Message::Chat
D, [2015-09-26T12:08:12.517359 #9150] DEBUG -- : chat: 26/09/15 12:12:08 bash-nvp > hi
D, [2015-09-26T12:08:20.301651 #9132] DEBUG -- : handling input...
D, [2015-09-26T12:08:20.301746 #9132] DEBUG -- : msg of type SpicedGracken::CLI::Command created
D, [2015-09-26T12:08:20.301915 #9132] DEBUG -- : waiting for input...
D, [2015-09-26T12:08:25.989400 #9150] DEBUG -- : handling input...
D, [2015-09-26T12:08:25.989578 #9150] DEBUG -- : msg of type SpicedGracken::CLI::Input created
D, [2015-09-26T12:08:25.989692 #9150] DEBUG -- : server:: SpicedGracken::Message::Chat
D, [2015-09-26T12:08:25.989805 #9150] DEBUG -- : chat: 26/09/15 12:12:08 nvp > hi back
D, [2015-09-26T12:08:25.991366 #9132] DEBUG -- : server:: SpicedGracken::Message::Chat
D, [2015-09-26T12:09:02.815624 #9132] DEBUG -- : handling input...
D, [2015-09-26T12:09:02.815729 #9132] DEBUG -- : msg of type SpicedGracken::CLI::Command created
D, [2015-09-26T12:09:02.815967 #9132] DEBUG -- : waiting for input...
D, [2015-09-26T12:09:13.561854 #9132] DEBUG -- : handling input...
D, [2015-09-26T12:09:13.562044 #9132] DEBUG -- : msg of type SpicedGracken::CLI::Command created
D, [2015-09-26T12:09:13.562600 #9132] DEBUG -- : waiting for input...
D, [2015-09-26T12:09:22.659498 #9132] DEBUG -- : handling input...
D, [2015-09-26T12:09:22.659588 #9132] DEBUG -- : msg of type SpicedGracken::CLI::Command created
D, [2015-09-26T12:09:22.659674 #9132] DEBUG -- : waiting for input...
D, [2015-09-26T12:09:24.622220 #9132] DEBUG -- : handling input...
D, [2015-09-26T12:09:24.622366 #9132] DEBUG -- : msg of type SpicedGracken::CLI::Command created
D, [2015-09-26T12:09:24.622627 #9132] DEBUG -- : waiting for input...
D, [2015-09-26T12:09:28.315751 #9132] DEBUG -- : handling input...
D, [2015-09-26T12:09:28.316005 #9132] DEBUG -- : msg of type SpicedGracken::CLI::Whisper created
D, [2015-09-26T12:09:28.318024 #9132] DEBUG -- : waiting for input...
D, [2015-09-26T12:09:28.318477 #9150] DEBUG -- : server:: SpicedGracken::Message::Whisper
D, [2015-09-26T12:09:28.322621 #9150] DEBUG -- : whisper: 26/09/15 00:12:00 bash-nvp > hi
D, [2015-09-26T12:09:56.303413 #9150] DEBUG -- : handling input...
D, [2015-09-26T12:09:56.303675 #9150] DEBUG -- : msg of type SpicedGracken::CLI::Whisper created
D, [2015-09-26T12:09:56.303859 #9150] DEBUG -- : alert: server for bash-nvm not found or is not online
D, [2015-09-26T12:10:03.644086 #9150] DEBUG -- : handling input...
D, [2015-09-26T12:10:03.644200 #9150] DEBUG -- : msg of type SpicedGracken::CLI::Command created
D, [2015-09-26T12:10:03.644279 #9150] DEBUG -- : info: bash-nvp@localhost:2010
bash-nvp@localhost:2010
D, [2015-09-26T12:10:14.618443 #9150] DEBUG -- : handling input...
D, [2015-09-26T12:10:14.618635 #9150] DEBUG -- : msg of type SpicedGracken::CLI::Whisper created
D, [2015-09-26T12:10:14.618754 #9150] DEBUG -- : alert: server for bash-vnvp not found or is not online
D, [2015-09-26T12:10:21.728956 #9150] DEBUG -- : handling input...
D, [2015-09-26T12:10:21.729076 #9150] DEBUG -- : msg of type SpicedGracken::CLI::Whisper created
D, [2015-09-26T12:10:21.729123 #9150] DEBUG -- : alert: server for bash-vnp not found or is not online
D, [2015-09-26T12:10:24.796492 #9150] DEBUG -- : handling input...
D, [2015-09-26T12:10:24.796583 #9150] DEBUG -- : msg of type SpicedGracken::CLI::Whisper created
D, [2015-09-26T12:10:24.796631 #9150] DEBUG -- : alert: server for server not found or is not online
D, [2015-09-26T12:10:31.099055 #9150] DEBUG -- : handling input...
D, [2015-09-26T12:10:31.099218 #9150] DEBUG -- : msg of type SpicedGracken::CLI::Whisper created
D, [2015-09-26T12:10:31.100461 #9132] DEBUG -- : server:: SpicedGracken::Message::Whisper
D, [2015-09-26T12:10:44.481640 #9150] DEBUG -- : handling input...
D, [2015-09-26T12:10:44.481734 #9150] DEBUG -- : msg of type SpicedGracken::CLI::Input created
D, [2015-09-26T12:10:44.481787 #9150] DEBUG -- : server:: SpicedGracken::Message::Chat
D, [2015-09-26T12:10:44.481826 #9150] DEBUG -- : chat: 26/09/15 12:12:10 nvp > this is much less text output
D, [2015-09-26T12:10:44.482357 #9132] DEBUG -- : server:: SpicedGracken::Message::Chat
D, [2015-09-26T12:10:44.482722 #9132] DEBUG -- : server:: SpicedGracken::Message::Chat
D, [2015-09-26T12:11:00.610562 #9150] DEBUG -- : handling input...
D, [2015-09-26T12:11:00.610661 #9150] DEBUG -- : msg of type SpicedGracken::CLI::Input created
D, [2015-09-26T12:11:00.610718 #9150] DEBUG -- : server:: SpicedGracken::Message::Chat
D, [2015-09-26T12:11:00.610758 #9150] DEBUG -- : chat: 26/09/15 12:12:11 nvp > i need to somehow bind to resize
D, [2015-09-26T12:11:00.611300 #9132] DEBUG -- : server:: SpicedGracken::Message::Chat
D, [2015-09-26T12:11:00.611548 #9132] DEBUG -- : server:: SpicedGracken::Message::Chat
D, [2015-09-26T12:11:06.777336 #9150] DEBUG -- : handling input...
D, [2015-09-26T12:11:06.777574 #9150] DEBUG -- : msg of type SpicedGracken::CLI::Input created
D, [2015-09-26T12:11:06.777751 #9150] DEBUG -- : server:: SpicedGracken::Message::Chat
D, [2015-09-26T12:11:06.777920 #9150] DEBUG -- : chat: 26/09/15 12:12:11 nvp > cause now miy nextbox is gone
D, [2015-09-26T12:11:06.779484 #9132] DEBUG -- : server:: SpicedGracken::Message::Chat
D, [2015-09-26T12:11:06.780363 #9132] DEBUG -- : server:: SpicedGracken::Message::Chat
D, [2015-09-26T12:11:19.367569 #9150] DEBUG -- : handling input...
D, [2015-09-26T12:11:19.367868 #9150] DEBUG -- : msg of type SpicedGracken::CLI::Command created
D, [2015-09-26T12:11:27.759460 #9226] DEBUG -- : handling input...
D, [2015-09-26T12:11:27.759613 #9226] DEBUG -- : msg of type SpicedGracken::CLI::Input created
D, [2015-09-26T12:11:27.759684 #9226] DEBUG -- : warning: you have no servers
D, [2015-09-26T12:11:37.392419 #9226] DEBUG -- : handling input...
D, [2015-09-26T12:11:37.392707 #9226] DEBUG -- : msg of type SpicedGracken::CLI::Command created
D, [2015-09-26T12:11:40.191638 #9226] DEBUG -- : handling input...
D, [2015-09-26T12:11:40.191871 #9226] DEBUG -- : msg of type SpicedGracken::CLI::Input created
D, [2015-09-26T12:11:40.192080 #9226] DEBUG -- : server:: SpicedGracken::Message::Chat
D, [2015-09-26T12:11:40.192273 #9226] DEBUG -- : chat: 26/09/15 12:12:11 nvp > hello?
D, [2015-09-26T12:11:40.194467 #9132] DEBUG -- : server:: SpicedGracken::Message::Chat
D, [2015-09-26T12:11:45.492212 #9132] DEBUG -- : handling input...
D, [2015-09-26T12:11:45.492446 #9132] DEBUG -- : msg of type SpicedGracken::CLI::Input created
D, [2015-09-26T12:11:45.492564 #9132] DEBUG -- : server:: SpicedGracken::Message::Chat
D, [2015-09-26T12:11:45.494235 #9132] DEBUG -- : waiting for input...
D, [2015-09-26T12:11:55.772086 #9226] DEBUG -- : handling input...
D, [2015-09-26T12:11:55.772183 #9226] DEBUG -- : msg of type SpicedGracken::CLI::Input created
D, [2015-09-26T12:11:55.772241 #9226] DEBUG -- : server:: SpicedGracken::Message::Chat
D, [2015-09-26T12:11:55.772289 #9226] DEBUG -- : chat: 26/09/15 12:12:11 nvp > oh, I need to listen
D, [2015-09-26T12:11:55.772771 #9132] DEBUG -- : server:: SpicedGracken::Message::Chat
D, [2015-09-26T12:11:59.967259 #9226] DEBUG -- : handling input...
D, [2015-09-26T12:11:59.967413 #9226] DEBUG -- : msg of type SpicedGracken::CLI::Command created
D, [2015-09-26T12:11:59.967517 #9226] DEBUG -- : alert: not implemented...
D, [2015-09-26T12:12:01.493518 #9226] DEBUG -- : handling input...
D, [2015-09-26T12:12:01.493609 #9226] DEBUG -- : msg of type SpicedGracken::CLI::Command created
D, [2015-09-26T12:12:01.493734 #9226] DEBUG -- : success: listening on 2008...
D, [2015-09-26T12:12:07.291229 #9226] DEBUG -- : handling input...
D, [2015-09-26T12:12:07.291498 #9226] DEBUG -- : msg of type SpicedGracken::CLI::Input created
D, [2015-09-26T12:12:07.291685 #9226] DEBUG -- : server:: SpicedGracken::Message::Chat
D, [2015-09-26T12:12:07.291808 #9226] DEBUG -- : chat: 26/09/15 12:12:12 nvp > listening now
D, [2015-09-26T12:12:07.293293 #9132] DEBUG -- : server:: SpicedGracken::Message::Chat
D, [2015-09-26T12:12:09.282540 #9132] DEBUG -- : handling input...
D, [2015-09-26T12:12:09.282742 #9132] DEBUG -- : msg of type SpicedGracken::CLI::Input created
D, [2015-09-26T12:12:09.282864 #9132] DEBUG -- : server:: SpicedGracken::Message::Chat
D, [2015-09-26T12:12:09.283481 #9132] DEBUG -- : waiting for input...
D, [2015-09-26T12:12:09.284516 #9226] DEBUG -- : server:: SpicedGracken::Message::Chat
D, [2015-09-26T12:12:09.284742 #9226] DEBUG -- : server:: SpicedGracken::Message::Chat
D, [2015-09-26T12:12:09.284997 #9226] DEBUG -- : chat: 26/09/15 12:12:12 bash-nvp > great
D, [2015-09-26T12:12:09.284858 #9226] DEBUG -- : chat: 26/09/15 12:12:12 bash-nvp > great
D, [2015-09-26T12:12:19.918854 #9226] DEBUG -- : handling input...
D, [2015-09-26T12:12:19.918957 #9226] DEBUG -- : msg of type SpicedGracken::CLI::Input created
D, [2015-09-26T12:12:19.919024 #9226] DEBUG -- : server:: SpicedGracken::Message::Chat
D, [2015-09-26T12:12:19.919071 #9226] DEBUG -- : chat: 26/09/15 12:12:12 nvp > whyyou need to fix your server list, bro
D, [2015-09-26T12:12:19.919757 #9132] DEBUG -- : server:: SpicedGracken::Message::Chat
D, [2015-09-26T12:12:19.920188 #9132] DEBUG -- : server:: SpicedGracken::Message::Chat
D, [2015-09-26T12:12:19.920877 #9132] DEBUG -- : server:: SpicedGracken::Message::Chat
D, [2015-09-26T12:12:27.491259 #9226] DEBUG -- : handling input...
D, [2015-09-26T12:12:27.491408 #9226] DEBUG -- : msg of type SpicedGracken::CLI::Whisper created
D, [2015-09-26T12:12:27.493105 #9132] DEBUG -- : server:: SpicedGracken::Message::Whisper
D, [2015-09-26T12:12:35.399780 #9132] DEBUG -- : handling input...
D, [2015-09-26T12:12:35.399897 #9132] DEBUG -- : msg of type SpicedGracken::CLI::Whisper created
D, [2015-09-26T12:12:35.400559 #9132] DEBUG -- : waiting for input...
D, [2015-09-26T12:12:35.400707 #9226] DEBUG -- : server:: SpicedGracken::Message::Whisper
D, [2015-09-26T12:12:35.402297 #9226] DEBUG -- : whisper: 26/09/15 00:12:00 bash-nvp > yeah, I know :-(
D, [2015-09-26T12:14:05.657601 #9226] DEBUG -- : handling input...
D, [2015-09-26T12:14:05.657744 #9226] DEBUG -- : msg of type SpicedGracken::CLI::Input created
D, [2015-09-26T12:14:05.657889 #9226] DEBUG -- : server:: SpicedGracken::Message::Chat
D, [2015-09-26T12:14:05.657978 #9226] DEBUG -- : chat: 26/09/15 12:12:14 nvp > test message
D, [2015-09-26T12:14:05.659261 #9132] DEBUG -- : server:: SpicedGracken::Message::Chat
D, [2015-09-26T12:14:05.659506 #9132] DEBUG -- : server:: SpicedGracken::Message::Chat
D, [2015-09-26T12:14:05.660227 #9132] DEBUG -- : server:: SpicedGracken::Message::Chat
D, [2015-09-26T12:14:05.660418 #9132] DEBUG -- : server:: SpicedGracken::Message::Chat
D, [2015-09-26T12:15:14.092545 #9226] DEBUG -- : handling input...
D, [2015-09-26T12:15:14.092755 #9226] DEBUG -- : msg of type SpicedGracken::CLI::Whisper created
D, [2015-09-26T12:15:14.094198 #9132] DEBUG -- : server:: SpicedGracken::Message::Whisper
